<?xml version="1.0" encoding="UTF-8"?>
<!-- Generated by org.testng.reporters.JUnitReportReporter -->
<testsuite hostname="QT-INBG-LT0344" failures="0" tests="2" name="test.OrderApp" time="40.139" errors="0" timestamp="2022-07-26T10:12:24 IST" skipped="0">
  <testcase classname="test.OrderApp" name="OrderApp" time="23.245"/>
  <system-out/>
  <testcase classname="test.OrderApp" name="OrderApp" time="16.894"/>
  <system-out/>
</testsuite> <!-- test.OrderApp -->
