<?xml version="1.0" encoding="UTF-8"?>
<!-- Generated by org.testng.reporters.JUnitReportReporter -->
<testsuite hostname="QT-INBG-LT0344" failures="0" tests="3" name="test.LoginApp" time="16.258" errors="0" timestamp="2022-07-26T10:11:25 IST" skipped="0">
  <testcase classname="test.LoginApp" name="LoginApp" time="6.109"/>
  <system-out/>
  <testcase classname="test.LoginApp" name="LoginApp" time="5.040"/>
  <system-out/>
  <testcase classname="test.LoginApp" name="LoginApp" time="5.109"/>
  <system-out/>
</testsuite> <!-- test.LoginApp -->
