<?xml version="1.0" encoding="UTF-8"?>
<!-- Generated by org.testng.reporters.JUnitReportReporter -->
<testsuite hostname="QT-INBG-LT0344" failures="0" tests="2" name="test.ContactApp" time="11.972" errors="0" timestamp="2022-07-26T10:10:49 IST" skipped="0">
  <testcase classname="test.ContactApp" name="ContactApp" time="5.356"/>
  <system-out/>
  <testcase classname="test.ContactApp" name="ContactApp" time="6.616"/>
  <system-out/>
</testsuite> <!-- test.ContactApp -->
